<?xml version="1.0" encoding="UTF-8"?>
<testsuite name="org.gradle.LongThreadTest" tests="1" skipped="0" failures="0" errors="0" timestamp="2014-11-18T13:22:49" hostname="kondoumiyuki-no-MacBook-Air.local" time="0.01">
  <properties/>
  <testcase name="createLongThreadTest" classname="org.gradle.LongThreadTest" time="0.01"/>
  <system-out><![CDATA[New thread: Thread[test long thread,5,thread group]
]]></system-out>
  <system-err><![CDATA[]]></system-err>
</testsuite>
