<?xml version="1.0" encoding="UTF-8"?>
<testsuite name="org.gradle.ShortThreadTest" tests="1" skipped="0" failures="0" errors="0" timestamp="2014-11-18T13:22:49" hostname="kondoumiyuki-no-MacBook-Air.local" time="0.001">
  <properties/>
  <testcase name="createLongThreadTest" classname="org.gradle.ShortThreadTest" time="0.001"/>
  <system-out><![CDATA[New thread: Thread[test short thread,5,thread group]
java.lang.ThreadGroup[name=thread group,maxpri=10]
]]></system-out>
  <system-err><![CDATA[]]></system-err>
</testsuite>
